<?xml version="1.0" encoding="UTF-8"?>
<testng-results ignored="0" total="1" passed="1" failed="0" skipped="0">
  <reporter-output>
  </reporter-output>
  <suite started-at="2023-12-28T17:45:59 IST" name="Default suite" finished-at="2023-12-28T17:47:22 IST" duration-ms="83098">
    <groups>
    </groups>
    <test started-at="2023-12-28T17:45:59 IST" name="Default test" finished-at="2023-12-28T17:47:22 IST" duration-ms="83098">
      <class name="qa.yblapp.sample.TestRegistration">
        <test-method is-config="true" signature="setup()[pri:0, instance:qa.yblapp.sample.TestRegistration@7486b455]" started-at="2023-12-28T17:45:59 IST" name="setup" finished-at="2023-12-28T17:46:30 IST" duration-ms="31439" status="PASS">
          <reporter-output>
          </reporter-output>
        </test-method> <!-- setup -->
        <test-method signature="registrationTest(java.lang.String,java.lang.String,java.lang.String,java.lang.String,java.lang.String,java.lang.String,java.lang.String)[pri:0, instance:qa.yblapp.sample.TestRegistration@7486b455]" started-at="2023-12-28T17:46:31 IST" name="registrationTest" data-provider="getDeviceData" finished-at="2023-12-28T17:47:22 IST" duration-ms="50828" status="PASS">
          <params>
            <param index="0">
              <value>
                <![CDATA[1]]>
              </value>
            </param>
            <param index="1">
              <value>
                <![CDATA[Verify that device I getting registered with valid deviceID and UserID]]>
              </value>
            </param>
            <param index="2">
              <value>
                <![CDATA[D]]>
              </value>
            </param>
            <param index="3">
              <value>
                <![CDATA[0560300637]]>
              </value>
            </param>
            <param index="4">
              <value>
                <![CDATA[972]]>
              </value>
            </param>
            <param index="5">
              <value>
                <![CDATA[Device Registered]]>
              </value>
            </param>
            <param index="6">
              <value is-null="true"/>
            </param>
          </params>
          <reporter-output>
          </reporter-output>
        </test-method> <!-- registrationTest -->
      </class> <!-- qa.yblapp.sample.TestRegistration -->
    </test> <!-- Default test -->
  </suite> <!-- Default suite -->
</testng-results>
