<?xml version="1.0" encoding="UTF-8"?>
<testng-results ignored="0" total="1" passed="1" failed="0" skipped="0">
  <reporter-output>
  </reporter-output>
  <suite started-at="2024-01-04T14:32:01 IST" name="Default suite" finished-at="2024-01-04T14:32:27 IST" duration-ms="26321">
    <groups>
    </groups>
    <test started-at="2024-01-04T14:32:01 IST" name="Default test" finished-at="2024-01-04T14:32:27 IST" duration-ms="26321">
      <class name="qa.yblapp.sample.TestLogin">
        <test-method is-config="true" signature="setup()[pri:0, instance:qa.yblapp.sample.TestLogin@4b520ea8]" started-at="2024-01-04T14:32:01 IST" name="setup" finished-at="2024-01-04T14:32:17 IST" duration-ms="16251" status="PASS">
          <reporter-output>
          </reporter-output>
        </test-method> <!-- setup -->
        <test-method signature="homePage()[pri:0, instance:qa.yblapp.sample.TestLogin@4b520ea8]" started-at="2024-01-04T14:32:17 IST" name="homePage" finished-at="2024-01-04T14:32:27 IST" duration-ms="9999" status="PASS">
          <reporter-output>
          </reporter-output>
        </test-method> <!-- homePage -->
      </class> <!-- qa.yblapp.sample.TestLogin -->
    </test> <!-- Default test -->
  </suite> <!-- Default suite -->
</testng-results>
