<?xml version="1.0" encoding="UTF-8"?>
<!-- Generated by org.testng.reporters.JUnitXMLReporter -->
<testsuite ignored="3" hostname="ATDEV283L1" failures="0" tests="1" name="Default test" time="83.098" errors="0" timestamp="2023-12-28T17:47:22 IST">
  <testcase classname="qa.yblapp.sample.TestRegistration" name="registrationTest" time="50.828"/>
  <testcase classname="qa.yblapp.sample.TestRegistration" name="regButton" time="0.0">
    <ignored/>
  </testcase> <!-- regButton -->
  <testcase classname="qa.yblapp.sample.TestRegistration" name="userIdField" time="0.0">
    <ignored/>
  </testcase> <!-- userIdField -->
  <testcase classname="qa.yblapp.sample.TestRegistration" name="deviceIdField" time="0.0">
    <ignored/>
  </testcase> <!-- deviceIdField -->
</testsuite> <!-- Default test -->
