<?xml version="1.0" encoding="UTF-8"?>
<!-- Generated by org.testng.reporters.JUnitXMLReporter -->
<testsuite ignored="3" hostname="ATDEV283L1" failures="0" tests="1" name="Default test" time="33.669" errors="0" timestamp="2023-12-27T16:36:27 IST">
  <testcase classname="qa.yblapp.sample.TestLaunch" name="deviceIdField" time="0.771"/>
  <testcase classname="qa.yblapp.sample.TestLaunch" name="registrationTest" time="0.0">
    <ignored/>
  </testcase> <!-- registrationTest -->
  <testcase classname="qa.yblapp.sample.TestLaunch" name="userIdField" time="0.0">
    <ignored/>
  </testcase> <!-- userIdField -->
  <testcase classname="qa.yblapp.sample.TestLaunch" name="regButton" time="0.0">
    <ignored/>
  </testcase> <!-- regButton -->
</testsuite> <!-- Default test -->
